<?xml version="1.0" encoding="UTF-8" ?>
<testsuite errors="1" failures="0" hostname="CPX-0XJG6XLGZH5" name="CalculatorTest" skipped="0" tests="1" time="0.0" timestamp="2018-02-15T12:52:23">
  <properties>
    <property name="java.vendor" value="Oracle Corporation" />
    <property name="sun.java.launcher" value="SUN_STANDARD" />
    <property name="eclipse.pdebuild.templates" value="C:\eclipse-jee-oxygen-2-win32-x86_64\eclipse\plugins\org.eclipse.pde.build_3.9.300.v20170515-0912\templates" />
    <property name="sun.management.compiler" value="HotSpot 64-Bit Tiered Compilers" />
    <property name="maven.build.srcDir.0" value="src" />
    <property name="os.name" value="Windows 10" />
    <property name="sun.boot.class.path" value="C:\Program Files\Java\jre1.8.0_151\lib\resources.jar;C:\Program Files\Java\jre1.8.0_151\lib\rt.jar;C:\Program Files\Java\jre1.8.0_151\lib\sunrsasign.jar;C:\Program Files\Java\jre1.8.0_151\lib\jsse.jar;C:\Program Files\Java\jre1.8.0_151\lib\jce.jar;C:\Program Files\Java\jre1.8.0_151\lib\charsets.jar;C:\Program Files\Java\jre1.8.0_151\lib\jfr.jar;C:\Program Files\Java\jre1.8.0_151\classes" />
    <property name="user.country.format" value="TR" />
    <property name="sun.desktop" value="windows" />
    <property name="java.vm.specification.vendor" value="Oracle Corporation" />
    <property name="ant.home" value="C:\eclipse-jee-oxygen-2-win32-x86_64\eclipse\plugins\org.apache.ant_1.10.1.v20170504-0840" />
    <property name="java.runtime.version" value="1.8.0_151-b12" />
    <property name="maven.build.resourceDir.0" value="src/main/resources" />
    <property name="user.name" value="ufuk.dogdu" />
    <property name="user.language.format" value="tr" />
    <property name="maven.build.outputDir" value="target/classes" />
    <property name="maven.repo.local" value="C:\Users\ufuk.dogdu/.m2/repository" />
    <property name="maven.build.finalName" value="HelloWeb-0.0.1-SNAPSHOT" />
    <property name="maven.build.testDir.0" value="src/test/java" />
    <property name="user.language" value="en" />
    <property name="sun.boot.library.path" value="C:\Program Files\Java\jre1.8.0_151\bin" />
    <property name="ant.project.default-target" value="package" />
    <property name="maven.reporting.outputDirectory" value="target/site" />
    <property name="ant.project.name" value="HelloWeb-from-maven" />
    <property name="java.version" value="1.8.0_151" />
    <property name="user.timezone" value="" />
    <property name="sun.arch.data.model" value="64" />
    <property name="java.endorsed.dirs" value="C:\Program Files\Java\jre1.8.0_151\lib\endorsed" />
    <property name="sun.cpu.isalist" value="amd64" />
    <property name="sun.jnu.encoding" value="Cp1254" />
    <property name="file.encoding.pkg" value="sun.io" />
    <property name="file.separator" value="\" />
    <property name="java.specification.name" value="Java Platform API Specification" />
    <property name="java.class.version" value="52.0" />
    <property name="user.country" value="US" />
    <property name="java.home" value="C:\Program Files\Java\jre1.8.0_151" />
    <property name="java.vm.info" value="mixed mode" />
    <property name="ant.file" value="C:\workspace\hello-web-master\maven-build.xml" />
    <property name="os.version" value="10.0" />
    <property name="maven.build.testOutputDir" value="target/test-classes" />
    <property name="path.separator" value=";" />
    <property name="java.vm.version" value="25.151-b12" />
    <property name="maven.build.dir" value="target" />
    <property name="maven.test.reports" value="target/test-reports" />
    <property name="user.variant" value="" />
    <property name="ant.library.dir" value="C:\eclipse-jee-oxygen-2-win32-x86_64\eclipse\plugins\org.apache.ant_1.10.1.v20170504-0840\lib" />
    <property name="java.awt.printerjob" value="sun.awt.windows.WPrinterJob" />
    <property name="sun.io.unicode.encoding" value="UnicodeLittle" />
    <property name="awt.toolkit" value="sun.awt.windows.WToolkit" />
    <property name="user.script" value="" />
    <property name="project.build.outputDirectory" value="target/classes" />
    <property name="eclipse.pdebuild.scripts" value="C:\eclipse-jee-oxygen-2-win32-x86_64\eclipse\plugins\org.eclipse.pde.build_3.9.300.v20170515-0912\scripts" />
    <property name="user.home" value="C:\Users\ufuk.dogdu" />
    <property name="java.specification.vendor" value="Oracle Corporation" />
    <property name="java.library.path" value="C:\Program Files\Java\jre1.8.0_151\bin;C:\WINDOWS\Sun\Java\bin;C:\WINDOWS\system32;C:\WINDOWS;C:/Program Files/Java/jre1.8.0_151/bin/server;C:/Program Files/Java/jre1.8.0_151/bin;C:/Program Files/Java/jre1.8.0_151/lib/amd64;C:\ProgramData\Oracle\Java\javapath;C:\WINDOWS\system32;C:\WINDOWS;C:\WINDOWS\System32\Wbem;C:\WINDOWS\System32\WindowsPowerShell\v1.0\;C:\Program Files\Git\cmd;C:\Program Files\Docker Toolbox;C:\Users\ufuk.dogdu\AppData\Local\Microsoft\WindowsApps;C:\ProgramData\ufuk.dogdu\GitHubDesktop\bin;C:\apache-maven-3.5.2\bin;;C:\eclipse-jee-oxygen-2-win32-x86_64\eclipse;;." />
    <property name="java.vendor.url" value="http://java.oracle.com/" />
    <property name="maven.settings.offline" value="false" />
    <property name="java.vm.vendor" value="Oracle Corporation" />
    <property name="ant.file.type.HelloWeb-from-maven" value="file" />
    <property name="maven.settings.interactiveMode" value="true" />
    <property name="java.runtime.name" value="Java(TM) SE Runtime Environment" />
    <property name="sun.java.command" value="org.apache.tools.ant.taskdefs.optional.junit.JUnitTestRunner CalculatorTest skipNonTests=false filtertrace=true haltOnError=true haltOnFailure=true formatter=org.apache.tools.ant.taskdefs.optional.junit.SummaryJUnitResultFormatter showoutput=false outputtoformatters=true logfailedtests=true threadid=0 logtestlistenerevents=false formatter=org.apache.tools.ant.taskdefs.optional.junit.XMLJUnitResultFormatter,C:\workspace\hello-web-master\target\test-reports\TEST-CalculatorTest.xml formatter=org.apache.tools.ant.taskdefs.optional.junit.PlainJUnitResultFormatter crashfile=C:\workspace\hello-web-master\junitvmwatcher771168470630643733.properties propsfile=C:\workspace\hello-web-master\junit5978806160678551876.properties" />
    <property name="java.class.path" value="C:\Users\ufuk.dogdu\.m2\repository\junit\junit\4.12\junit-4.12.jar;C:\Users\ufuk.dogdu\.m2\repository\org\hamcrest\hamcrest-core\1.3\hamcrest-core-1.3.jar;C:\Users\ufuk.dogdu\.m2\repository\org\hamcrest\hamcrest-library\1.3\hamcrest-library-1.3.jar;C:\Users\ufuk.dogdu\.m2\repository\org\springframework\spring-core\5.0.3.RELEASE\spring-core-5.0.3.RELEASE.jar;C:\Users\ufuk.dogdu\.m2\repository\org\springframework\spring-jcl\5.0.3.RELEASE\spring-jcl-5.0.3.RELEASE.jar;C:\Users\ufuk.dogdu\.m2\repository\org\springframework\spring-expression\5.0.3.RELEASE\spring-expression-5.0.3.RELEASE.jar;C:\Users\ufuk.dogdu\.m2\repository\org\springframework\spring-beans\5.0.3.RELEASE\spring-beans-5.0.3.RELEASE.jar;C:\Users\ufuk.dogdu\.m2\repository\org\springframework\spring-aop\5.0.3.RELEASE\spring-aop-5.0.3.RELEASE.jar;C:\Users\ufuk.dogdu\.m2\repository\org\springframework\spring-context\5.0.3.RELEASE\spring-context-5.0.3.RELEASE.jar;C:\Users\ufuk.dogdu\.m2\repository\org\springframework\spring-context-support\5.0.3.RELEASE\spring-context-support-5.0.3.RELEASE.jar;C:\Users\ufuk.dogdu\.m2\repository\org\springframework\spring-tx\5.0.3.RELEASE\spring-tx-5.0.3.RELEASE.jar;C:\Users\ufuk.dogdu\.m2\repository\org\springframework\spring-jdbc\5.0.3.RELEASE\spring-jdbc-5.0.3.RELEASE.jar;C:\Users\ufuk.dogdu\.m2\repository\org\springframework\spring-orm\5.0.3.RELEASE\spring-orm-5.0.3.RELEASE.jar;C:\Users\ufuk.dogdu\.m2\repository\org\springframework\spring-oxm\5.0.3.RELEASE\spring-oxm-5.0.3.RELEASE.jar;C:\Users\ufuk.dogdu\.m2\repository\org\springframework\spring-web\5.0.3.RELEASE\spring-web-5.0.3.RELEASE.jar;C:\Users\ufuk.dogdu\.m2\repository\org\springframework\spring-webmvc\5.0.3.RELEASE\spring-webmvc-5.0.3.RELEASE.jar;C:\Users\ufuk.dogdu\.m2\repository\org\springframework\spring-webmvc-portlet\4.3.14.RELEASE\spring-webmvc-portlet-4.3.14.RELEASE.jar;C:\Users\ufuk.dogdu\.m2\repository\org\springframework\spring-test\5.0.3.RELEASE\spring-test-5.0.3.RELEASE.jar;C:\workspace\hello-web-master\target\classes;C:\workspace\hello-web-master\target\test-classes;C:\Program Files\Java\jre1.8.0_151\lib\ext\junit-4.12.jar;C:\eclipse-jee-oxygen-2-win32-x86_64\eclipse\plugins\org.apache.ant_1.10.1.v20170504-0840\lib\ant-launcher.jar;C:\eclipse-jee-oxygen-2-win32-x86_64\eclipse\plugins\org.apache.ant_1.10.1.v20170504-0840\lib\ant.jar;C:\eclipse-jee-oxygen-2-win32-x86_64\eclipse\plugins\org.apache.ant_1.10.1.v20170504-0840\lib\ant-junit.jar;C:\eclipse-jee-oxygen-2-win32-x86_64\eclipse\plugins\org.apache.ant_1.10.1.v20170504-0840\lib\ant-junit4.jar" />
    <property name="ant.version" value="Apache Ant(TM) version 1.10.1 compiled on February 2 2017" />
    <property name="project.build.directory" value="target" />
    <property name="java.vm.specification.name" value="Java Virtual Machine Specification" />
    <property name="java.vm.specification.version" value="1.8" />
    <property name="sun.cpu.endian" value="little" />
    <property name="sun.os.patch.level" value="" />
    <property name="eclipse.pdebuild.home" value="C:\eclipse-jee-oxygen-2-win32-x86_64\eclipse\plugins\org.eclipse.pde.build_3.9.300.v20170515-0912\." />
    <property name="java.io.tmpdir" value="C:\Users\UFUK~1.DOG\AppData\Local\Temp\" />
    <property name="junit.present" value="true" />
    <property name="ant.file.HelloWeb-from-maven" value="C:\workspace\hello-web-master\maven-build.xml" />
    <property name="java.vendor.url.bug" value="http://bugreport.sun.com/bugreport/" />
    <property name="java.awt.graphicsenv" value="sun.awt.Win32GraphicsEnvironment" />
    <property name="maven.build.testResourceDir.0" value="src/test/resources" />
    <property name="os.arch" value="amd64" />
    <property name="java.ext.dirs" value="C:\Program Files\Java\jre1.8.0_151\lib\ext;C:\WINDOWS\Sun\Java\lib\ext" />
    <property name="user.dir" value="C:\workspace\hello-web-master" />
    <property name="line.separator" value="&#xd;&#xa;" />
    <property name="java.vm.name" value="Java HotSpot(TM) 64-Bit Server VM" />
    <property name="basedir" value="." />
    <property name="ant.java.version" value="1.8" />
    <property name="ant.core.lib" value="C:\eclipse-jee-oxygen-2-win32-x86_64\eclipse\plugins\org.apache.ant_1.10.1.v20170504-0840\lib\ant.jar" />
    <property name="file.encoding" value="Cp1254" />
    <property name="java.specification.version" value="1.8" />
    <property name="ant.project.invoked-targets" value="package" />
  </properties>
  <error message="CalculatorTest" type="java.lang.ClassNotFoundException">java.lang.ClassNotFoundException: CalculatorTest
	at java.net.URLClassLoader.findClass(Unknown Source)
	at java.lang.ClassLoader.loadClass(Unknown Source)
	at sun.misc.Launcher$AppClassLoader.loadClass(Unknown Source)
	at java.lang.ClassLoader.loadClass(Unknown Source)
	at java.lang.Class.forName0(Native Method)
	at java.lang.Class.forName(Unknown Source)
</error>
  <system-out><![CDATA[]]></system-out>
  <system-err><![CDATA[]]></system-err>
</testsuite>
